119.497139 38.603672 1829.605103 17.794996 1829.581055 17.829069 2013-12-04 20131203_m06-0848+50_1005.fit 688.415588 0 0.000000 2152.989990 54.931091 12.905400 0.207000 0.344000 1 1
119.496498 38.603607 1829.608643 17.763000 1829.578979 17.766230 2013-12-04 20131203_m06-0848+50_1006.fit 753.734070 0 0.000000 2149.199951 55.096931 12.807000 0.189600 0.319000 2 1
119.496773 38.603668 1829.616333 17.781996 1829.576050 17.794180 2013-12-04 20131203_m06-0848+50_1007.fit 733.503906 0 0.000000 2145.531006 54.925678 12.836500 0.195300 0.339000 3 1
119.494621 38.604107 1829.523804 17.586000 1829.488037 17.596960 2013-12-04 20131203_m06-0848+50_1008.fit 610.179626 0 0.000000 2147.472900 54.947601 13.036400 0.233500 0.046000 4 1
119.501907 38.603577 1829.690430 18.302999 1829.670044 18.284740 2013-12-04 20131203_m06-0848+50_1009.fit 533.588928 0 0.000000 2143.895020 55.022839 13.182000 0.268600 0.378000 5 1
121.054382 31.103168 2771.267334 23.653997 2771.190918 23.701799 2013-12-04 20131203_m06-0848+50_1005.fit 1120.541016 0 0.000000 1834.090942 54.931091 12.376400 0.129400 0.453000 1 1
121.054367 31.102949 2771.291260 23.697998 2771.218018 23.696520 2013-12-04 20131203_m06-0848+50_1006.fit 1153.307007 0 0.000000 1833.814941 55.096931 12.345100 0.126100 0.459000 2 1
121.053925 31.104374 2771.118652 23.667000 2771.034912 23.675310 2013-12-04 20131203_m06-0848+50_1007.fit 1181.157959 0 0.000000 1830.286011 54.925678 12.319200 0.123000 0.499000 3 1
121.054291 31.104399 2771.177246 23.675997 2771.037109 23.715179 2013-12-04 20131203_m06-0848+50_1008.fit 1245.755005 0 0.000000 1831.644043 54.947601 12.261400 0.116200 0.461000 4 1
115.469025 52.647949 61.334000 28.319002 61.408310 28.428860 2013-12-04 20131203_m06-0848+50_1005.fit 876.444214 2 0.000000 1713.829956 54.931091 12.643200 0.164800 0.436000 1 1
115.471764 52.648197 61.473000 28.466997 61.430321 28.640619 2013-12-04 20131203_m06-0848+50_1006.fit 922.999207 2 0.000000 1714.916992 55.096931 12.587000 0.157100 0.408000 2 1
115.467529 52.647228 61.325996 28.325003 61.466831 28.296021 2013-12-04 20131203_m06-0848+50_1008.fit 865.537903 2 0.000000 1712.677979 54.947601 12.656800 0.167100 0.485000 4 1
115.467979 52.647923 61.342003 28.323002 61.391251 28.350491 2013-12-04 20131203_m06-0848+50_1009.fit 993.703125 2 0.000000 1711.162964 55.022839 12.506900 0.145900 0.491000 5 1
119.517624 39.506714 1720.640503 39.278004 1720.618042 39.298409 2013-12-04 20131203_m06-0848+50_1005.fit 1302.250977 2 0.000000 2171.634033 54.931091 12.213300 0.111600 0.260000 1 1
119.517601 39.506626 1720.651489 39.292000 1720.628052 39.294319 2013-12-04 20131203_m06-0848+50_1006.fit 1471.266968 2 0.000000 2170.606934 55.096931 12.080800 0.099400 0.365000 2 1
119.517410 39.506851 1720.633545 39.278999 1720.598022 39.281429 2013-12-04 20131203_m06-0848+50_1007.fit 1207.937988 2 0.000000 2166.825928 54.925678 12.294900 0.120000 0.262000 3 1
119.518623 39.508087 1720.494019 39.421005 1720.468018 39.422821 2013-12-04 20131203_m06-0848+50_1008.fit 1246.432983 2 0.000000 2168.178955 54.947601 12.260800 0.116500 0.293000 4 1
119.514679 39.505344 1720.752563 39.016998 1720.735962 38.990471 2013-12-04 20131203_m06-0848+50_1009.fit 1474.458008 2 0.000000 2166.519043 55.022839 12.078400 0.098600 0.096000 5 1
115.853714 52.294823 111.419006 46.778999 111.493301 46.880390 2013-12-04 20131203_m06-0848+50_1005.fit 2242.452881 2 0.000000 1746.375000 54.931091 11.623200 0.066000 0.578000 1 1
115.856331 52.299770 110.971001 47.070000 110.942802 47.220490 2013-12-04 20131203_m06-0848+50_1006.fit 2338.053955 2 0.000000 1746.628052 55.096931 11.577900 0.063600 0.599000 2 1
115.854034 52.295593 111.279015 46.948002 111.405800 46.927292 2013-12-04 20131203_m06-0848+50_1008.fit 2249.643066 2 0.000000 1745.430054 54.947601 11.619700 0.066000 0.582000 4 1
115.854813 52.298260 111.053040 47.039001 111.097397 47.062641 2013-12-04 20131203_m06-0848+50_1009.fit 2458.461914 2 0.000000 1744.406006 55.022839 11.523300 0.060600 0.609000 5 1
118.237328 45.438931 983.452026 58.505001 983.460510 58.521080 2013-12-04 20131203_m06-0848+50_1005.fit 547.415771 0 0.000000 2108.614990 54.931091 13.154200 0.261100 0.023000 1 1
118.234413 45.440025 983.276978 58.308994 983.277710 58.297588 2013-12-04 20131203_m06-0848+50_1008.fit 566.283203 0 0.000000 2111.531982 54.947601 13.117400 0.252200 0.357000 4 1
120.073845 39.791649 1695.002930 97.792999 1694.980957 97.801521 2013-12-04 20131203_m06-0848+50_1005.fit 1688.364990 2 0.000000 2212.960938 54.931091 11.931300 0.086300 0.265000 1 1
120.073410 39.791740 1694.985229 97.762001 1694.963013 97.762688 2013-12-04 20131203_m06-0848+50_1006.fit 1745.630981 2 0.000000 2213.024902 55.096931 11.895100 0.084100 0.167000 2 1
120.072182 39.790600 1695.115967 97.627998 1695.082031 97.623238 2013-12-04 20131203_m06-0848+50_1007.fit 1414.326050 2 0.000000 2211.111084 54.925678 12.123600 0.103300 0.399000 3 1
120.073349 39.791145 1695.052124 97.752998 1695.034058 97.744324 2013-12-04 20131203_m06-0848+50_1008.fit 1558.401978 2 0.000000 2209.519043 54.947601 12.018300 0.094000 0.287000 4 1
120.073448 39.791325 1695.031494 97.796997 1695.014038 97.757896 2013-12-04 20131203_m06-0848+50_1009.fit 1509.694946 2 0.000000 2208.975098 55.022839 12.052800 0.096400 0.363000 5 1
119.478279 43.174408 1277.310425 115.287025 1277.297974 115.279701 2013-12-04 20131203_m06-0848+50_1005.fit 487.911896 0 0.000000 2200.719971 54.931091 13.279100 0.292100 0.366000 1 1
119.471756 43.176186 1276.986694 114.761009 1276.978027 114.737503 2013-12-04 20131203_m06-0848+50_1008.fit 576.258606 0 0.000000 2203.457031 54.947601 13.098500 0.247100 0.343000 4 1
119.479958 43.173687 1277.426025 115.455002 1277.411987 115.413399 2013-12-04 20131203_m06-0848+50_1009.fit 572.328125 0 0.000000 2204.277100 55.022839 13.105900 0.249500 0.036000 5 1
119.897507 41.419270 1495.681030 115.510010 1495.661987 115.504997 2013-12-04 20131203_m06-0848+50_1005.fit 814.392883 0 0.000000 2227.352051 54.931091 12.722900 0.176300 0.470000 1 1
119.900162 41.416656 1496.032471 115.695007 1496.019043 115.693199 2013-12-04 20131203_m06-0848+50_1006.fit 826.267822 0 0.000000 2228.202881 55.096931 12.707200 0.175100 0.096000 2 1
119.892807 41.413635 1496.294556 114.970947 1496.267944 114.955399 2013-12-04 20131203_m06-0848+50_1007.fit 667.452209 0 0.000000 2226.528076 54.925678 12.938900 0.215300 0.601000 3 1
119.903160 41.413750 1496.431519 115.951012 1496.416992 115.906197 2013-12-04 20131203_m06-0848+50_1009.fit 770.081787 0 0.000000 2226.945068 55.022839 12.783700 0.186500 0.357000 5 1
120.071899 40.791679 1574.159546 118.417969 1574.139038 118.415901 2013-12-04 20131203_m06-0848+50_1005.fit 81796.406250 2 0.000000 2229.118896 54.931091 7.718200 0.003700 0.106000 1 1
120.072105 40.791748 1574.151001 118.437981 1574.134033 118.436501 2013-12-04 20131203_m06-0848+50_1006.fit 82434.117188 2 0.000000 2229.968994 55.096931 7.709700 0.003700 0.119000 2 1
120.072334 40.791801 1574.160767 118.472008 1574.130981 118.459000 2013-12-04 20131203_m06-0848+50_1007.fit 82710.546875 2 0.000000 2228.865967 54.925678 7.706100 0.003700 0.133000 3 1
120.072479 40.791935 1574.129639 118.492027 1574.116943 118.474899 2013-12-04 20131203_m06-0848+50_1008.fit 82044.296875 2 0.000000 2227.548096 54.947601 7.714900 0.003700 0.119000 4 1
120.072510 40.791550 1574.179443 118.515022 1574.163940 118.470100 2013-12-04 20131203_m06-0848+50_1009.fit 82698.843750 2 0.000000 2227.976074 55.022839 7.706300 0.003700 0.109000 5 1
119.429596 43.814934 1199.296143 124.986038 1199.286987 124.979103 2013-12-04 20131203_m06-0848+50_1005.fit 817.014282 0 0.000000 2197.260986 54.931091 12.719400 0.175700 0.047000 1 1
119.430870 43.813637 1199.465820 125.064034 1199.463989 125.063004 2013-12-04 20131203_m06-0848+50_1006.fit 946.848572 0 0.000000 2200.266113 55.096931 12.559300 0.152900 0.322000 2 1
119.430275 43.813599 1199.469727 125.028999 1199.458984 125.009300 2013-12-04 20131203_m06-0848+50_1007.fit 867.631470 0 0.000000 2199.149902 54.925678 12.654200 0.165600 0.327000 3 1
119.430885 43.813713 1199.469604 125.106987 1199.454956 125.066002 2013-12-04 20131203_m06-0848+50_1009.fit 975.207581 0 0.000000 2201.561035 55.022839 12.527300 0.148400 0.329000 5 1
119.998497 41.621582 1472.851685 129.005020 1472.833008 128.997406 2013-12-04 20131203_m06-0848+50_1005.fit 1002.335022 0 0.000000 2234.818115 54.931091 12.497500 0.143100 0.224000 1 1
119.998154 41.620548 1472.977905 128.961990 1472.952026 128.944504 2013-12-04 20131203_m06-0848+50_1007.fit 847.746826 0 0.000000 2234.314941 54.925678 12.679300 0.169200 0.030000 3 1
119.789284 43.357815 1260.166626 146.900009 1260.154053 146.888702 2013-12-04 20131203_m06-0848+50_1005.fit 1059.776978 0 0.000000 2221.256104 54.931091 12.437000 0.136600 0.197000 1 1
119.790924 43.355892 1260.419922 147.022003 1260.411987 146.993500 2013-12-04 20131203_m06-0848+50_1008.fit 1098.776978 0 0.000000 2223.993896 54.947601 12.397700 0.131500 0.131000 4 1
119.790962 43.357819 1260.195435 147.084991 1260.180054 147.037994 2013-12-04 20131203_m06-0848+50_1009.fit 1233.990967 0 0.000000 2224.980957 55.022839 12.271700 0.117200 0.190000 5 1
120.406380 40.988613 1555.515259 153.374954 1555.494995 153.367294 2013-12-04 20131203_m06-0848+50_1005.fit 879.511780 0 0.000000 2253.680908 54.931091 12.639400 0.164200 0.649000 1 1
120.410698 40.992081 1555.158813 153.840057 1555.141968 153.836304 2013-12-04 20131203_m06-0848+50_1006.fit 836.482971 0 0.000000 2254.862061 55.096931 12.693900 0.172200 0.607000 2 1
120.403412 40.987827 1555.555176 153.101044 1555.545044 153.078094 2013-12-04 20131203_m06-0848+50_1008.fit 854.055725 0 0.000000 2251.205078 54.947601 12.671300 0.168800 0.570000 4 1
120.774422 39.336044 1760.697144 154.664017 1760.675049 154.669205 2013-12-04 20131203_m06-0848+50_1005.fit 421.738312 0 0.000000 2237.937988 54.931091 13.437400 0.337900 0.400000 1 1
120.774605 39.336636 1760.631714 154.699036 1760.605957 154.698196 2013-12-04 20131203_m06-0848+50_1006.fit 497.949585 0 0.000000 2238.799072 55.096931 13.257000 0.288000 0.425000 2 1
119.620789 44.619938 1105.297363 159.279007 1105.291992 159.271194 2013-12-04 20131203_m06-0848+50_1005.fit 589.657104 0 0.000000 2196.339111 54.931091 13.073500 0.242200 0.349000 1 1
119.620804 44.620220 1105.264526 159.298981 1105.258057 159.278305 2013-12-04 20131203_m06-0848+50_1007.fit 544.766113 0 0.000000 2199.843018 54.925678 13.159500 0.262700 0.340000 3 1
120.334442 41.758568 1461.503784 162.483994 1461.484985 162.471802 2013-12-04 20131203_m06-0848+50_1005.fit 678.714417 0 0.000000 2254.208008 54.931091 12.920800 0.211500 0.003000 1 1
120.334030 41.758804 1461.476196 162.460007 1461.449951 162.439194 2013-12-04 20131203_m06-0848+50_1007.fit 477.883209 0 0.000000 2253.718018 54.925678 13.301700 0.299500 0.007000 3 1
121.427444 36.804096 2077.066406 169.007996 2077.041016 169.039505 2013-12-04 20131203_m06-0848+50_1005.fit 740.232117 0 0.000000 2199.355957 54.931091 12.826600 0.193000 0.010000 1 1
121.430389 36.802681 2077.295654 169.285995 2077.253906 169.302597 2013-12-04 20131203_m06-0848+50_1007.fit 566.958496 0 0.000000 2195.686035 54.925678 13.116100 0.252600 0.354000 3 1
120.827316 40.487823 1622.262817 182.320984 1622.241943 182.313202 2013-12-04 20131203_m06-0848+50_1005.fit 528.324829 0 0.000000 2272.556885 54.931091 13.192700 0.271700 0.356000 1 1
120.827522 40.487915 1622.254272 182.338989 1622.234009 182.334198 2013-12-04 20131203_m06-0848+50_1006.fit 572.844421 0 0.000000 2270.805908 55.096931 13.104900 0.251100 0.365000 2 1
120.825470 40.488579 1622.156006 182.174011 1622.124023 182.156693 2013-12-04 20131203_m06-0848+50_1007.fit 697.066284 0 0.000000 2271.090088 54.925678 12.891800 0.205100 0.227000 3 1
120.124535 43.864178 1204.340210 187.217972 1204.328979 187.203094 2013-12-04 20131203_m06-0848+50_1005.fit 693.773621 0 0.000000 2238.861084 54.931091 12.897000 0.206000 0.356000 1 1
120.125404 43.865002 1204.247437 187.303955 1204.243042 187.296997 2013-12-04 20131203_m06-0848+50_1006.fit 483.832306 0 0.000000 2240.298096 55.096931 13.288300 0.296300 0.332000 2 1
120.126747 43.863564 1204.451538 187.408981 1204.437012 187.384903 2013-12-04 20131203_m06-0848+50_1007.fit 737.475220 0 0.000000 2238.660889 54.925678 12.830600 0.193400 0.017000 3 1
120.124817 43.864819 1204.273438 187.293961 1204.255981 187.241806 2013-12-04 20131203_m06-0848+50_1009.fit 488.384705 0 0.000000 2242.074951 55.022839 13.278100 0.292700 0.342000 5 1
121.171463 39.740265 1717.576294 199.962006 1717.555054 199.958206 2013-12-04 20131203_m06-0848+50_1005.fit 205442.203125 0 0.000000 2274.290039 54.931091 6.718300 0.002200 0.153000 1 1
121.171387 39.740414 1717.560425 199.958008 1717.536011 199.953705 2013-12-04 20131203_m06-0848+50_1006.fit 206353.796875 2 0.000000 2273.664062 55.096931 6.713500 0.002200 0.151000 2 1
121.171295 39.740345 1717.577271 199.958038 1717.542969 199.943695 2013-12-04 20131203_m06-0848+50_1007.fit 207195.593750 2 0.000000 2273.252930 54.925678 6.709000 0.002200 0.158000 3 1
121.171776 39.740437 1717.549194 200.012955 1717.538940 199.990799 2013-12-04 20131203_m06-0848+50_1008.fit 206142.296875 0 0.000000 2271.392090 54.947601 6.714600 0.002200 0.150000 4 1
121.171318 39.740532 1717.543213 200.005051 1717.520996 199.949905 2013-12-04 20131203_m06-0848+50_1009.fit 204542.500000 0 0.000000 2268.443115 55.022839 6.723000 0.002200 0.170000 5 1
117.696732 52.977768 61.390999 203.092987 61.451488 203.131805 2013-12-04 20131203_m06-0848+50_1005.fit 1849.917969 2 0.000000 1796.546021 54.931091 11.832100 0.079200 0.578000 1 1
117.695183 52.977589 61.372005 203.034988 61.447380 203.012100 2013-12-04 20131203_m06-0848+50_1009.fit 2035.056030 2 0.000000 1795.746948 55.022839 11.728600 0.072400 0.393000 5 1
120.238632 44.414692 1139.694824 208.668976 1139.686035 208.653900 2013-12-04 20131203_m06-0848+50_1005.fit 990.913330 2 0.000000 2236.850098 54.931091 12.509900 0.145600 0.252000 1 1
120.236649 44.415630 1139.545898 208.508972 1139.542969 208.500504 2013-12-04 20131203_m06-0848+50_1006.fit 981.720581 2 0.000000 2242.021973 55.096931 12.520000 0.147400 0.065000 2 1
120.238876 44.414841 1139.683838 208.703003 1139.671997 208.678406 2013-12-04 20131203_m06-0848+50_1007.fit 893.819519 2 0.000000 2241.232910 54.925678 12.621900 0.161400 0.416000 3 1
122.631615 32.185692 2658.426270 209.720016 2658.364990 209.759506 2013-12-04 20131203_m06-0848+50_1005.fit 920.024170 0 0.000000 1996.925049 54.931091 12.590500 0.156600 0.358000 1 1
122.633553 32.182808 2658.810791 209.884048 2658.745117 209.914902 2013-12-04 20131203_m06-0848+50_1007.fit 1031.556030 0 0.000000 1996.994995 54.925678 12.466300 0.139600 0.165000 3 1
117.804054 53.001007 60.365997 211.641022 60.426048 211.676895 2013-12-04 20131203_m06-0848+50_1005.fit 2173.164062 2 0.000000 1799.984009 54.931091 11.657300 0.068000 0.514000 1 1
117.811600 53.004467 60.122993 212.208008 60.131519 212.324493 2013-12-04 20131203_m06-0848+50_1006.fit 1892.776001 2 0.000000 1801.553955 55.096931 11.807300 0.077700 0.614000 2 1
121.323975 39.825035 1709.495117 215.894974 1709.473999 215.888794 2013-12-04 20131203_m06-0848+50_1005.fit 868.565308 2 0.000000 2287.461914 54.931091 12.653000 0.166000 0.516000 1 1
121.328033 39.824730 1709.602173 216.279999 1709.567993 216.263397 2013-12-04 20131203_m06-0848+50_1007.fit 917.477478 0 0.000000 2285.326904 54.925678 12.593500 0.156100 0.303000 3 1
120.844322 42.396076 1392.216675 221.474030 1392.198975 221.454193 2013-12-04 20131203_m06-0848+50_1005.fit 1188.017944 0 0.000000 2290.029053 54.931091 12.312900 0.121400 0.130000 1 1
120.845787 42.396263 1392.210938 221.599976 1392.197998 221.589600 2013-12-04 20131203_m06-0848+50_1006.fit 1103.260986 0 0.000000 2290.483887 55.096931 12.393300 0.131100 0.206000 2 1
122.498573 34.977333 2313.980957 242.983017 2313.948975 243.021393 2013-12-04 20131203_m06-0848+50_1005.fit 784.158386 0 0.000000 2173.764893 54.931091 12.764000 0.182900 0.405000 1 1
122.500992 34.979843 2313.724854 243.299042 2313.673096 243.308197 2013-12-04 20131203_m06-0848+50_1006.fit 617.837402 0 0.000000 2173.315918 55.096931 13.022800 0.231300 0.348000 2 1
122.498634 34.976742 2314.067139 242.990997 2314.021973 243.017899 2013-12-04 20131203_m06-0848+50_1007.fit 699.825195 0 0.000000 2172.565918 54.925678 12.887500 0.203900 0.079000 3 1
122.496040 34.974403 2314.326904 242.712036 2314.274902 242.716904 2013-12-04 20131203_m06-0848+50_1008.fit 543.179382 0 0.000000 2169.670898 54.947601 13.162600 0.263600 0.380000 4 1
122.497185 34.974232 2314.368896 242.861038 2314.310059 242.828903 2013-12-04 20131203_m06-0848+50_1009.fit 683.098328 0 0.000000 2166.958984 55.022839 12.913800 0.209900 0.400000 5 1
121.275414 41.526882 1503.292480 243.710953 1503.272949 243.691498 2013-12-04 20131203_m06-0848+50_1005.fit 527.996826 0 0.000000 2310.061035 54.931091 13.193400 0.271000 0.352000 1 1
121.277779 41.529736 1502.979858 243.973038 1502.962036 243.961807 2013-12-04 20131203_m06-0848+50_1006.fit 694.171082 0 0.000000 2312.110107 55.096931 12.896300 0.206500 0.005000 2 1
121.275993 41.530670 1502.853760 243.843948 1502.823975 243.816299 2013-12-04 20131203_m06-0848+50_1007.fit 651.140381 0 0.000000 2309.479004 54.925678 12.965800 0.220300 0.249000 3 1
121.277435 41.529472 1502.995239 243.962006 1502.989014 243.925003 2013-12-04 20131203_m06-0848+50_1008.fit 762.072083 0 0.000000 2308.242920 54.947601 12.795000 0.186700 0.388000 4 1
121.274963 41.529621 1502.956909 243.766998 1502.936035 243.702698 2013-12-04 20131203_m06-0848+50_1009.fit 589.777588 0 0.000000 2306.500977 55.022839 13.073300 0.242600 0.354000 5 1
122.665955 34.130421 2419.719238 245.658981 2419.680908 245.701004 2013-12-04 20131203_m06-0848+50_1005.fit 560.764587 0 0.000000 2135.699951 54.931091 13.128000 0.255700 0.386000 1 1
122.663780 34.132065 2419.517090 245.498001 2419.451904 245.506607 2013-12-04 20131203_m06-0848+50_1008.fit 584.809998 0 0.000000 2130.758057 54.947601 13.082500 0.245000 0.024000 4 1
118.209831 53.373070 21.731003 251.103958 21.787821 251.123199 2013-12-04 20131203_m06-0848+50_1005.fit 877.880188 0 0.000000 1799.099976 54.931091 12.641400 0.164000 0.393000 1 1
118.213089 53.372440 21.862003 251.354004 21.917521 251.345993 2013-12-04 20131203_m06-0848+50_1007.fit 1004.640991 0 0.000000 1799.222046 54.925678 12.495000 0.143700 0.468000 3 1
